Build started 08-12-2016 PM 12:27:06.
     1>Project "C:\Users\Upal\Desktop\Projects_9.1_32 bits\Real Parameter Sensing\ZigBee\ZigBee.vcxproj" on node 2 (rebuild target(s)).
     1>_PrepareForClean:
         Deleting file "Debug\ZigBee.lastbuildstate".
     1>C:\Program Files (x86)\MSBuild\Microsoft.Cpp\v4.0\Microsoft.CppBuild.targets(299,5): warning MSB8004: Output Directory does not end with a trailing slash.  This build instance will add the slash as it is required to allow proper evaluation of the Output Directory.
       InitializeBuildStatus:
         Creating "Debug\ZigBee.unsuccessfulbuild" because "AlwaysCreate" was specified.
       ClCompile:
         C:\Program Files (x86)\Microsoft Visual Studio 10.0\VC\bin\CL.exe /c /I..\Include /I"C:\Program Files (x86)\MATLAB\R2011a\extern\include" /ZI /nologo /W3 /WX- /Od /Oy- /D WIN32 /D _DEBUG /D _WINDOWS /D _USRDLL /D ZIGBEE_EXPORTS /D _WINDLL /D _UNICODE /D UNICODE /Gm /EHsc /RTC1 /MDd /GS /fp:precise /Zc:wchar_t /Zc:forScope /Fo"Debug\\" /Fd"Debug\vc100.pdb" /Gd /TC /analyze- /errorReport:prompt 802_15_4.c AgentModel.c BackoffCalculation.c BERCalculation.c CCA.c ChangeRadioState.c ErrorPathLoss.c LocateBackoffBoundary.c MATLAB_Interface.c ReceivedPower.c Sensor.c ShadowLoss.c SINRCalculation.c SlottedCSMACA.c Superframe.c UnslottedCSMACA.c
         UnslottedCSMACA.c
         Superframe.c
         SlottedCSMACA.c
         SINRCalculation.c
         ShadowLoss.c
         Sensor.c
         ReceivedPower.c
         MATLAB_Interface.c
     1>c:\users\upal\desktop\projects_9.1_32 bits\real parameter sensing\zigbee\matlab_interface.c(44): warning C4996: 'sprintf': This function or variable may be unsafe. Consider using sprintf_s instead. To disable deprecation, use _CRT_SECURE_NO_WARNINGS. See online help for details.
                 c:\program files (x86)\microsoft visual studio 10.0\vc\include\stdio.h(371) : see declaration of 'sprintf'
         LocateBackoffBoundary.c
         ErrorPathLoss.c
         ChangeRadioState.c
         CCA.c
         BERCalculation.c
         BackoffCalculation.c
         AgentModel.c
         802_15_4.c
     1>c:\users\upal\desktop\projects_9.1_32 bits\real parameter sensing\zigbee\802_15_4.c(357): warning C4101: 'pkt_creation_time' : unreferenced local variable
     1>c:\users\upal\desktop\projects_9.1_32 bits\real parameter sensing\zigbee\802_15_4.c(691): warning C4996: 'getch': The POSIX name for this item is deprecated. Instead, use the ISO C++ conformant name: _getch. See online help for details.
                 c:\program files (x86)\microsoft visual studio 10.0\vc\include\conio.h(128) : see declaration of 'getch'
     1>c:\users\upal\desktop\projects_9.1_32 bits\real parameter sensing\zigbee\802_15_4.c(767): warning C4013: 'is_emulated_packet' undefined; assuming extern returning int
         Generating Code...
     1>C:\Program Files (x86)\MSBuild\Microsoft.Cpp\v4.0\Microsoft.CppBuild.targets(990,5): warning MSB8012: TargetPath(C:\Users\Upal\Desktop\Projects_9.1_32 bits\Real Parameter Sensing\ZigBee\..\Dll\ZigBee.dll) does not match the Linker's OutputFile property value (C:\Users\Upal\Desktop\Projects_9.1_32 bits\Real Parameter Sensing\Dll\libZigbee.dll). This may cause your project to build incorrectly. To correct this, please make sure that $(OutDir), $(TargetName) and $(TargetExt) property values match the value specified in %(Link.OutputFile).
     1>C:\Program Files (x86)\MSBuild\Microsoft.Cpp\v4.0\Microsoft.CppBuild.targets(992,5): warning MSB8012: TargetName(ZigBee) does not match the Linker's OutputFile property value (libZigbee). This may cause your project to build incorrectly. To correct this, please make sure that $(OutDir), $(TargetName) and $(TargetExt) property values match the value specified in %(Link.OutputFile).
       Link:
         C:\Program Files (x86)\Microsoft Visual Studio 10.0\VC\bin\link.exe /ERRORREPORT:PROMPT /OUT:"..\Dll\libZigbee.dll" /INCREMENTAL:NO /NOLOGO /LIBPATH:..\lib /LIBPATH:"C:\Program Files (x86)\MATLAB\R2011a\extern\lib\win32\microsoft" libeng.lib libmx.lib libmat.lib kernel32.lib user32.lib gdi32.lib winspool.lib comdlg32.lib advapi32.lib shell32.lib ole32.lib oleaut32.lib uuid.lib odbc32.lib odbccp32.lib kernel32.lib user32.lib gdi32.lib winspool.lib comdlg32.lib advapi32.lib shell32.lib ole32.lib oleaut32.lib uuid.lib odbc32.lib odbccp32.lib /MANIFEST /ManifestFile:"Debug\ZigBee.dll.intermediate.manifest" /MANIFESTUAC:"level='asInvoker' uiAccess='false'" /DEBUG /PDB:"C:\Users\Upal\Desktop\Projects_9.1_32 bits\Real Parameter Sensing\Dll\ZigBee.pdb" /SUBSYSTEM:WINDOWS /TLBID:1 /DYNAMICBASE /NXCOMPAT /IMPLIB:"..\Dll\ZigBee.lib" /MACHINE:X86 /DLL Debug\802_15_4.obj
         Debug\AgentModel.obj
         Debug\BackoffCalculation.obj
         Debug\BERCalculation.obj
         Debug\CCA.obj
         Debug\ChangeRadioState.obj
         Debug\ErrorPathLoss.obj
         Debug\LocateBackoffBoundary.obj
         Debug\MATLAB_Interface.obj
         Debug\ReceivedPower.obj
         Debug\Sensor.obj
         Debug\ShadowLoss.obj
         Debug\SINRCalculation.obj
         Debug\SlottedCSMACA.obj
         Debug\Superframe.obj
         Debug\UnslottedCSMACA.obj Zigbee.lib NetworkStack.lib Metrics.lib Mobility.lib List.lib 
     1>802_15_4.obj : warning LNK4075: ignoring '/EDITANDCONTINUE' due to '/INCREMENTAL:NO' specification
         Zigbee.lib(802_15_4_lib.obj) : MSIL .netmodule or module compiled with /GL found; restarting link with /LTCG; add /LTCG to the link command line to improve linker performance
     1>802_15_4.obj : warning LNK4075: ignoring '/EDITANDCONTINUE' due to '/INCREMENTAL:NO' specification
            Creating library ..\Dll\ZigBee.lib and object ..\Dll\ZigBee.exp
     1>LINK : warning LNK4098: defaultlib 'MSVCRT' conflicts with use of other libs; use /NODEFAULTLIB:library
         Generating code
     1>g:\netsimbackend\9.1\simulation\zigbeelib\emulated_agent.c(315): warning C4716: 'is_emulated_packet' : must return a value
         Finished generating code
     1>Zigbee.lib(802_15_4_lib.obj) : warning LNK4099: PDB 'vc100.pdb' was not found with 'Zigbee.lib(802_15_4_lib.obj)' or at 'C:\Users\Upal\Desktop\Projects_9.1_32 bits\Real Parameter Sensing\Dll\vc100.pdb'; linking object as if no debug info
     1>Zigbee.lib(emulated_agent.obj) : warning LNK4099: PDB 'vc100.pdb' was not found with 'Zigbee.lib(emulated_agent.obj)' or at 'C:\Users\Upal\Desktop\Projects_9.1_32 bits\Real Parameter Sensing\Dll\vc100.pdb'; linking object as if no debug info
     1>Zigbee.lib(Socket.obj) : warning LNK4099: PDB 'vc100.pdb' was not found with 'Zigbee.lib(Socket.obj)' or at 'C:\Users\Upal\Desktop\Projects_9.1_32 bits\Real Parameter Sensing\Dll\vc100.pdb'; linking object as if no debug info
     1>Zigbee.lib(pcapwriter.obj) : warning LNK4099: PDB 'vc100.pdb' was not found with 'Zigbee.lib(pcapwriter.obj)' or at 'C:\Users\Upal\Desktop\Projects_9.1_32 bits\Real Parameter Sensing\Dll\vc100.pdb'; linking object as if no debug info
     1>List.lib(List.obj) : warning LNK4099: PDB 'vc100.pdb' was not found with 'List.lib(List.obj)' or at 'C:\Users\Upal\Desktop\Projects_9.1_32 bits\Real Parameter Sensing\Dll\vc100.pdb'; linking object as if no debug info
         ZigBee.vcxproj -> C:\Users\Upal\Desktop\Projects_9.1_32 bits\Real Parameter Sensing\ZigBee\..\Dll\ZigBee.dll
       Manifest:
         C:\Program Files (x86)\Microsoft SDKs\Windows\v7.0A\bin\mt.exe /nologo /verbose /outputresource:"..\Dll\libZigbee.dll;#2" /manifest Debug\ZigBee.dll.intermediate.manifest
       FinalizeBuildStatus:
         Deleting file "Debug\ZigBee.unsuccessfulbuild".
         Touching "Debug\ZigBee.lastbuildstate".
     1>Done Building Project "C:\Users\Upal\Desktop\Projects_9.1_32 bits\Real Parameter Sensing\ZigBee\ZigBee.vcxproj" (rebuild target(s)).

Build succeeded.

Time Elapsed 00:00:11.55
