..\Dll\ZigBee.pdb
C:\USERS\UPAL\DESKTOP\PROJECTS_9.1_32 BITS\REAL PARAMETER SENSING\DLL\LIBZIGBEE.DLL
C:\Users\Upal\Desktop\Projects_9.1_32 bits\Real Parameter Sensing\Dll\ZigBee.exp
C:\Users\Upal\Desktop\Projects_9.1_32 bits\Real Parameter Sensing\Dll\ZigBee.lib
C:\USERS\UPAL\DESKTOP\PROJECTS_9.1_32 BITS\REAL PARAMETER SENSING\DLL\ZIGBEE.PDB
C:\USERS\UPAL\DESKTOP\PROJECTS_9.1_32 BITS\REAL PARAMETER SENSING\ZIGBEE\DEBUG\802_15_4.OBJ
C:\USERS\UPAL\DESKTOP\PROJECTS_9.1_32 BITS\REAL PARAMETER SENSING\ZIGBEE\DEBUG\AGENTMODEL.OBJ
C:\USERS\UPAL\DESKTOP\PROJECTS_9.1_32 BITS\REAL PARAMETER SENSING\ZIGBEE\DEBUG\BACKOFFCALCULATION.OBJ
C:\USERS\UPAL\DESKTOP\PROJECTS_9.1_32 BITS\REAL PARAMETER SENSING\ZIGBEE\DEBUG\BERCALCULATION.OBJ
C:\USERS\UPAL\DESKTOP\PROJECTS_9.1_32 BITS\REAL PARAMETER SENSING\ZIGBEE\DEBUG\CCA.OBJ
C:\USERS\UPAL\DESKTOP\PROJECTS_9.1_32 BITS\REAL PARAMETER SENSING\ZIGBEE\DEBUG\CHANGERADIOSTATE.OBJ
C:\Users\Upal\Desktop\Projects_9.1_32 bits\Real Parameter Sensing\ZigBee\Debug\cl.command.1.tlog
C:\Users\Upal\Desktop\Projects_9.1_32 bits\Real Parameter Sensing\ZigBee\Debug\CL.read.1.tlog
C:\Users\Upal\Desktop\Projects_9.1_32 bits\Real Parameter Sensing\ZigBee\Debug\CL.write.1.tlog
C:\USERS\UPAL\DESKTOP\PROJECTS_9.1_32 BITS\REAL PARAMETER SENSING\ZIGBEE\DEBUG\ERRORPATHLOSS.OBJ
C:\Users\Upal\Desktop\Projects_9.1_32 bits\Real Parameter Sensing\ZigBee\Debug\link.4404.read.1.tlog
C:\Users\Upal\Desktop\Projects_9.1_32 bits\Real Parameter Sensing\ZigBee\Debug\link.4404.write.1.tlog
C:\Users\Upal\Desktop\Projects_9.1_32 bits\Real Parameter Sensing\ZigBee\Debug\link.command.1.tlog
C:\Users\Upal\Desktop\Projects_9.1_32 bits\Real Parameter Sensing\ZigBee\Debug\link.read.1.tlog
C:\Users\Upal\Desktop\Projects_9.1_32 bits\Real Parameter Sensing\ZigBee\Debug\link.write.1.tlog
C:\USERS\UPAL\DESKTOP\PROJECTS_9.1_32 BITS\REAL PARAMETER SENSING\ZIGBEE\DEBUG\LOCATEBACKOFFBOUNDARY.OBJ
C:\USERS\UPAL\DESKTOP\PROJECTS_9.1_32 BITS\REAL PARAMETER SENSING\ZIGBEE\DEBUG\MATLAB_INTERFACE.OBJ
C:\Users\Upal\Desktop\Projects_9.1_32 bits\Real Parameter Sensing\ZigBee\Debug\mt.command.1.tlog
C:\Users\Upal\Desktop\Projects_9.1_32 bits\Real Parameter Sensing\ZigBee\Debug\mt.read.1.tlog
C:\Users\Upal\Desktop\Projects_9.1_32 bits\Real Parameter Sensing\ZigBee\Debug\mt.write.1.tlog
C:\USERS\UPAL\DESKTOP\PROJECTS_9.1_32 BITS\REAL PARAMETER SENSING\ZIGBEE\DEBUG\RECEIVEDPOWER.OBJ
C:\USERS\UPAL\DESKTOP\PROJECTS_9.1_32 BITS\REAL PARAMETER SENSING\ZIGBEE\DEBUG\SENSOR.OBJ
C:\USERS\UPAL\DESKTOP\PROJECTS_9.1_32 BITS\REAL PARAMETER SENSING\ZIGBEE\DEBUG\SHADOWLOSS.OBJ
C:\USERS\UPAL\DESKTOP\PROJECTS_9.1_32 BITS\REAL PARAMETER SENSING\ZIGBEE\DEBUG\SINRCALCULATION.OBJ
C:\USERS\UPAL\DESKTOP\PROJECTS_9.1_32 BITS\REAL PARAMETER SENSING\ZIGBEE\DEBUG\SLOTTEDCSMACA.OBJ
C:\USERS\UPAL\DESKTOP\PROJECTS_9.1_32 BITS\REAL PARAMETER SENSING\ZIGBEE\DEBUG\SUPERFRAME.OBJ
C:\USERS\UPAL\DESKTOP\PROJECTS_9.1_32 BITS\REAL PARAMETER SENSING\ZIGBEE\DEBUG\UNSLOTTEDCSMACA.OBJ
C:\Users\Upal\Desktop\Projects_9.1_32 bits\Real Parameter Sensing\ZigBee\Debug\vc100.idb
C:\USERS\UPAL\DESKTOP\PROJECTS_9.1_32 BITS\REAL PARAMETER SENSING\ZIGBEE\DEBUG\VC100.PDB
C:\USERS\UPAL\DESKTOP\PROJECTS_9.1_32 BITS\REAL PARAMETER SENSING\ZIGBEE\DEBUG\ZIGBEE.DLL.INTERMEDIATE.MANIFEST
C:\Users\Upal\Desktop\Projects_9.1_32 bits\Real Parameter Sensing\ZigBee\Debug\ZigBee.write.1.tlog
